Copyright 1986-2018 Xilinx, Inc. All Rights Reserved.
---------------------------------------------------------------------------------------------------------
| Tool Version : Vivado v.2018.3 (lin64) Build 2405991 Thu Dec  6 23:36:41 MST 2018
| Date         : Thu Nov 28 00:05:36 2019
| Host         : fpc running 64-bit Ubuntu 18.04.3 LTS
| Command      : report_drc -file chksum_drc_opted.rpt -pb chksum_drc_opted.pb -rpx chksum_drc_opted.rpx
| Design       : chksum
| Device       : xc7z020clg484-1
| Speed File   : -1
| Design State : Synthesized
---------------------------------------------------------------------------------------------------------

Report DRC

Table of Contents
-----------------
1. REPORT SUMMARY
2. REPORT DETAILS

1. REPORT SUMMARY
-----------------
            Netlist: netlist
          Floorplan: design_1
      Design limits: <entire design considered>
           Ruledeck: default
             Max violations: <unlimited>
             Violations found: 2
+--------+------------------+--------------------------+------------+
| Rule   | Severity         | Description              | Violations |
+--------+------------------+--------------------------+------------+
| NSTD-1 | Critical Warning | Unspecified I/O Standard | 1          |
| ZPS7-1 | Warning          | PS7 block required       | 1          |
+--------+------------------+--------------------------+------------+

2. REPORT DETAILS
-----------------
NSTD-1#1 Critical Warning
Unspecified I/O Standard  
147 out of 147 logical ports use I/O standard (IOSTANDARD) value 'DEFAULT', instead of a user assigned specific value. This may cause I/O contention or incompatibility with the board power or connectivity affecting performance, signal integrity or in extreme cases cause damage to the device or the components to which it is connected. To correct this violation, specify all I/O standards. This design will fail to generate a bitstream unless all logical ports have a user specified I/O standard value defined. To allow bitstream creation with unspecified I/O standard values (not recommended), use this command: set_property SEVERITY {Warning} [get_drc_checks NSTD-1].  NOTE: When using the Vivado Runs infrastructure (e.g. launch_runs Tcl command), add this command to a .tcl file and add that file as a pre-hook for write_bitstream step for the implementation run. Problem ports: ChksumOut[15:0], PktData0[15:0], PktData1[15:0], PktData2[15:0], PktData3[15:0], PktData4[15:0], PktData5[15:0], PktData6[15:0], PktData7[15:0], ChksumValid, Clk, SoP.
Related violations: <none>

ZPS7-1#1 Warning
PS7 block required  
The PS7 cell must be used in this Zynq design in order to enable correct default configuration.
Related violations: <none>


