1000 0.000182 8707.700000 8728 8681
1100 0.000194 9743.200000 9774 9713
1200 0.000212 10777.300000 10816 10738
1300 0.000237 11833.500000 11867 11809
1400 0.000266 12899.900000 12929 12859
1500 0.000272 13957.500000 14022 13931
1600 0.000290 15037.700000 15072 14993
1700 0.000306 16100.600000 16154 16062
1800 0.000319 17207.400000 17253 17161
1900 0.000359 18301.600000 18335 18258
2000 0.000360 19415.500000 19436 19385
2100 0.000377 20549.000000 20587 20498
2200 0.000405 21669.600000 21706 21633
2300 0.000422 22810.400000 22863 22738
2400 0.000450 23968.300000 23995 23920
2500 0.000467 25126.000000 25158 25103
2600 0.000496 26274.900000 26307 26229
2700 0.000526 27432.800000 27520 27389
2800 0.000529 28593.600000 28632 28562
2900 0.000557 29750.000000 29806 29712
3000 0.000571 30922.000000 30957 30876
3100 0.000590 32098.900000 32151 32056
3200 0.000615 33280.200000 33348 33219
3300 0.000641 34463.900000 34509 34423
3400 0.000657 35649.700000 35693 35573
3500 0.000679 36850.800000 36909 36809
3600 0.000697 38021.600000 38060 37988
3700 0.000722 39228.400000 39286 39138
3800 0.000749 40416.900000 40460 40351
3900 0.000769 41625.900000 41680 41590
4000 0.000797 42816.100000 42871 42772
4100 0.000800 44029.100000 44114 43960
4200 0.000834 45286.300000 45322 45234
4300 0.000866 46502.600000 46570 46422
4400 0.000876 47741.800000 47803 47681
4500 0.000897 48994.800000 49100 48963
4600 0.000910 50216.300000 50250 50179
4700 0.000938 51444.800000 51540 51390
4800 0.000992 52717.500000 52786 52624
4900 0.001048 53991.100000 54057 53941
5000 0.001060 55241.500000 55297 55185
5100 0.001066 56450.700000 56500 56393
5200 0.001076 57713.100000 57795 57578
5300 0.001084 58988.600000 59055 58937
5400 0.001117 60250.200000 60338 60159
5500 0.001126 61487.700000 61557 61380
5600 0.001153 62752.000000 62861 62655
5700 0.001162 64051.600000 64119 64001
5800 0.001178 65310.300000 65357 65273
5900 0.001197 66557.900000 66641 66481
6000 0.001218 67846.900000 67929 67741
6100 0.001254 69100.200000 69182 69007
6200 0.001272 70405.100000 70475 70335
6300 0.001273 71664.300000 71727 71584
6400 0.001289 72937.800000 73010 72862
6500 0.001318 74242.000000 74305 74205
6600 0.001333 75535.000000 75597 75474
6700 0.001383 76804.600000 76912 76711
6800 0.001400 78117.000000 78223 78040
6900 0.001424 79399.400000 79471 79321
7000 0.001456 80678.300000 80741 80616
7100 0.001465 81951.600000 82030 81851
7200 0.001533 83277.800000 83334 83186
7300 0.001520 84531.900000 84629 84483
7400 0.001548 85844.900000 85899 85796
7500 0.001569 87164.500000 87258 87084
7600 0.001583 88442.700000 88524 88366
7700 0.001605 89731.000000 89822 89631
7800 0.001647 91017.000000 91095 90944
7900 0.001668 92316.200000 92387 92193
8000 0.001684 93644.300000 93702 93573
8100 0.001700 94939.000000 95021 94878
8200 0.001721 96288.700000 96352 96176
8300 0.001740 97556.700000 97616 97503
8400 0.001782 98936.900000 99073 98845
8500 0.001793 100278.800000 100341 100213
8600 0.001781 101624.500000 101711 101570
8700 0.001801 102933.300000 103103 102841
8800 0.001833 104302.100000 104382 104239
8900 0.001858 105628.200000 105666 105603
9000 0.001878 106956.100000 107004 106858
9100 0.001896 108319.600000 108408 108221
9200 0.001927 109681.200000 109746 109578
9300 0.001952 111014.900000 111136 110952
9400 0.001958 112373.900000 112468 112306
9500 0.001991 113721.700000 113870 113639
9600 0.002015 115065.200000 115171 114904
9700 0.002056 116408.400000 116523 116305
9800 0.002071 117751.900000 117888 117605
9900 0.002085 119086.400000 119157 118999
10000 0.002116 120449.400000 120517 120382
