1 0.000000 0.000000 0 0
6 0.000000 23.780000 29 20
11 0.000001 55.300000 66 46
16 0.000001 89.760000 114 77
21 0.000001 128.300000 186 106
26 0.000002 166.920000 216 142
31 0.000002 211.260000 248 186
36 0.000004 255.700000 304 225
41 0.000003 300.200000 378 266
46 0.000003 349.740000 438 311
51 0.000003 394.040000 512 348
56 0.000004 448.780000 544 408
61 0.000004 486.960000 580 438
66 0.000005 547.880000 677 477
71 0.000007 589.500000 697 536
76 0.000006 649.140000 797 585
81 0.000008 702.560000 779 626
86 0.000006 756.240000 927 675
91 0.000007 811.800000 927 733
96 0.000008 846.860000 1035 741
101 0.000011 922.800000 1136 831
106 0.000010 965.200000 1090 875
111 0.000013 1026.900000 1205 931
116 0.000013 1081.400000 1356 986
121 0.000012 1160.640000 1481 1038
126 0.000011 1203.420000 1354 1083
131 0.000012 1243.040000 1533 1125
136 0.000013 1308.060000 1543 1161
141 0.000015 1358.740000 1600 1243
146 0.000018 1426.060000 1662 1306
151 0.000017 1482.400000 1696 1344
156 0.000017 1523.820000 1802 1400
161 0.000017 1566.160000 1781 1418
166 0.000018 1672.400000 1843 1493
171 0.000016 1711.700000 1941 1568
176 0.000016 1797.800000 2448 1616
181 0.000017 1852.440000 2164 1673
186 0.000021 1913.460000 2285 1746
191 0.000038 1952.680000 2257 1800
196 0.000020 2034.040000 2324 1822
201 0.000025 2094.480000 2447 1903
206 0.000021 2144.300000 2389 1898
211 0.000021 2189.740000 2398 1999
216 0.000021 2272.880000 2599 2063
221 0.000025 2359.800000 2889 2091
226 0.000034 2406.000000 2724 2245
231 0.000024 2460.100000 2825 2276
236 0.000023 2531.840000 2842 2292
241 0.000038 2587.340000 2937 2374
246 0.000024 2673.340000 3307 2467
251 0.000031 2735.680000 3062 2471
256 0.000033 2767.420000 3104 2527
261 0.000031 2841.180000 3162 2572
266 0.000032 2957.800000 3561 2706
271 0.000034 2948.180000 3247 2714
276 0.000028 3013.660000 3360 2843
281 0.000030 3115.120000 4010 2836
286 0.000033 3145.260000 3710 2858
291 0.000038 3254.360000 3815 2950
296 0.000030 3331.920000 3877 3034
301 0.000031 3393.540000 3896 3088
306 0.000030 3458.180000 3849 3215
311 0.000034 3532.340000 4159 3240
316 0.000035 3579.240000 4171 3242
321 0.000032 3589.700000 4174 3303
326 0.000031 3749.540000 4271 3374
331 0.000035 3790.400000 4464 3551
336 0.000033 3849.900000 4560 3472
341 0.000034 3911.440000 4364 3590
346 0.000035 3966.040000 4525 3594
351 0.000034 4075.080000 4789 3763
356 0.000037 4104.640000 4652 3730
361 0.000035 4147.320000 4929 3873
366 0.000038 4258.460000 4652 3922
371 0.000036 4331.400000 5495 3926
376 0.000040 4378.660000 5078 3963
381 0.000041 4463.480000 5079 4131
386 0.000039 4511.220000 4984 4152
391 0.000040 4544.500000 5277 4233
396 0.000053 4619.880000 5362 4320
401 0.000042 4766.360000 5539 4275
406 0.000043 4821.460000 5413 4410
411 0.000042 4854.760000 5612 4334
416 0.000045 4887.560000 5663 4458
421 0.000048 4975.200000 5731 4565
426 0.000044 5065.680000 6237 4633
431 0.000044 5160.420000 5848 4661
436 0.000046 5199.500000 6647 4738
441 0.000047 5272.600000 6298 4878
446 0.000046 5404.440000 6338 4906
451 0.000051 5360.520000 5951 4959
456 0.000051 5458.280000 6389 5069
461 0.000048 5569.220000 6503 5097
466 0.000051 5627.720000 6211 5141
471 0.000050 5700.200000 6380 5240
476 0.000052 5742.180000 6481 5384
481 0.000049 5848.860000 7188 5315
486 0.000053 5790.400000 6389 5470
491 0.000054 5972.140000 6741 5537
496 0.000052 5982.300000 6552 5555
501 0.000058 6101.840000 6822 5629
506 0.000056 6248.500000 7421 5748
511 0.000057 6247.980000 7624 5783
516 0.000057 6342.600000 7541 5783
521 0.000058 6398.120000 7293 5793
526 0.000057 6529.800000 7838 5857
531 0.000058 6546.480000 7615 5938
536 0.000073 6598.220000 7196 6155
541 0.000077 6764.780000 7624 6191
546 0.000085 6752.360000 7487 6043
551 0.000069 6911.660000 8896 6329
556 0.000058 6837.720000 7784 6194
561 0.000057 6926.780000 7809 6447
566 0.000060 7000.620000 7951 6528
571 0.000062 7010.240000 7767 6531
576 0.000061 7150.740000 8230 6715
581 0.000064 7282.160000 8219 6671
586 0.000087 7376.460000 8122 6794
591 0.000093 7397.000000 8294 6807
596 0.000084 7486.360000 8927 6810
601 0.000086 7775.460000 9408 6992
606 0.000085 7556.280000 8567 6972
611 0.000064 7573.760000 8343 7057
616 0.000086 7775.360000 9176 7119
621 0.000074 7821.260000 9452 7162
626 0.000074 7868.960000 9105 7071
631 0.000070 7926.120000 9373 7254
636 0.000076 7946.100000 9262 7472
641 0.000077 8276.320000 10510 7368
646 0.000067 8198.800000 9272 7496
651 0.000070 8324.100000 9506 7559
656 0.000077 8365.780000 9458 7638
661 0.000070 8520.160000 10136 7932
666 0.000069 8636.860000 10287 7870
671 0.000087 8580.740000 9937 7898
676 0.000084 8691.800000 10123 7989
681 0.000080 8857.880000 11040 7921
686 0.000076 8701.720000 9360 8108
691 0.000072 9043.920000 10343 8187
696 0.000078 8907.180000 10145 8357
701 0.000093 8953.820000 10000 8431
706 0.000086 9106.500000 9893 8388
711 0.000085 9144.580000 10329 8471
716 0.000088 9149.440000 10362 8623
721 0.000097 9228.720000 10020 8567
726 0.000084 9393.020000 10915 8785
731 0.000088 9495.880000 11436 8568
736 0.000086 9581.060000 10718 8794
741 0.000082 9652.240000 10648 8974
746 0.000080 9610.100000 10831 9012
751 0.000082 9754.160000 12275 8691
756 0.000084 9864.760000 12823 9118
761 0.000083 10007.520000 11794 9297
766 0.000081 9989.580000 11261 9136
771 0.000087 9996.260000 11387 9171
776 0.000086 10186.800000 11409 9475
781 0.000085 10255.700000 11819 9498
786 0.000088 10227.840000 11163 9536
791 0.000116 10355.820000 11546 9599
796 0.000113 10438.120000 12407 9438
801 0.000113 10585.760000 11798 9643
806 0.000101 10546.060000 12062 9827
811 0.000103 10741.540000 11851 9835
816 0.000117 10790.100000 11962 9687
821 0.000125 10911.720000 13283 9888
826 0.000105 10963.560000 13286 10072
831 0.000102 10997.600000 12580 10142
836 0.000123 10908.160000 12577 10200
841 0.000123 11070.720000 12399 10265
846 0.000123 11229.480000 12151 10383
851 0.000131 11194.140000 12658 10367
856 0.000137 11318.120000 13290 10281
861 0.000132 11423.220000 13326 10589
866 0.000131 11455.220000 12857 10574
871 0.000136 11549.580000 12610 10700
876 0.000135 11595.320000 12897 10354
881 0.000139 11779.040000 13394 10897
886 0.000104 11841.440000 13069 10984
891 0.000100 11868.120000 13587 10957
896 0.000097 11923.440000 13667 10992
901 0.000098 11953.560000 13312 11166
906 0.000098 12177.080000 13847 11387
911 0.000103 12298.420000 13727 11005
916 0.000128 12397.540000 14750 11309
921 0.000113 12248.560000 13753 11278
926 0.000116 12448.920000 13518 11659
931 0.000116 12478.460000 14735 11630
936 0.000106 12591.440000 14549 11642
941 0.000120 12715.840000 14262 11810
946 0.000106 12778.900000 14214 11785
951 0.000111 12862.300000 14725 12007
956 0.000130 12917.360000 14879 11987
961 0.000122 13064.520000 14775 12005
966 0.000123 13050.200000 14718 11697
971 0.000125 13121.000000 15125 12281
976 0.000115 13217.220000 16154 12130
981 0.000116 13267.880000 15197 12045
986 0.000115 13272.800000 14787 12050
991 0.000120 13409.780000 15407 12249
996 0.000117 13513.720000 15295 12817
