2019-04-04 21:37:48,242 INFO o.a.j.u.JMeterUtils: Setting Locale to es_ES
2019-04-04 21:37:48,253 INFO o.a.j.u.JMeterUtils: Could not find resources for 'es_ES', using 'es'
2019-04-04 21:37:48,253 INFO o.a.j.JMeter: Loading user properties from: /home/alumnos/e359327/apache-jmeter-5.1/bin/user.properties
2019-04-04 21:37:48,254 INFO o.a.j.JMeter: Loading system properties from: /home/alumnos/e359327/apache-jmeter-5.1/bin/system.properties
2019-04-04 21:37:48,257 INFO o.a.j.JMeter: Copyright (c) 1998-2019 The Apache Software Foundation
2019-04-04 21:37:48,257 INFO o.a.j.JMeter: Version 5.1 r1853635
2019-04-04 21:37:48,257 INFO o.a.j.JMeter: java.version=1.8.0_201
2019-04-04 21:37:48,257 INFO o.a.j.JMeter: java.vm.name=Java HotSpot(TM) 64-Bit Server VM
2019-04-04 21:37:48,257 INFO o.a.j.JMeter: os.name=Linux
2019-04-04 21:37:48,257 INFO o.a.j.JMeter: os.arch=amd64
2019-04-04 21:37:48,257 INFO o.a.j.JMeter: os.version=4.15.0-29-generic
2019-04-04 21:37:48,257 INFO o.a.j.JMeter: file.encoding=UTF-8
2019-04-04 21:37:48,257 INFO o.a.j.JMeter: java.awt.headless=null
2019-04-04 21:37:48,257 INFO o.a.j.JMeter: Max memory     =1724383232
2019-04-04 21:37:48,257 INFO o.a.j.JMeter: Available Processors =4
2019-04-04 21:37:48,262 INFO o.a.j.JMeter: Default Locale=espa単ol (Espa単a)
2019-04-04 21:37:48,262 INFO o.a.j.JMeter: JMeter  Locale=espa単ol (Espa単a)
2019-04-04 21:37:48,262 INFO o.a.j.JMeter: JMeterHome=/home/alumnos/e359327/apache-jmeter-5.1
2019-04-04 21:37:48,262 INFO o.a.j.JMeter: user.dir  =/home/alumnos/e359327/P2
2019-04-04 21:37:48,262 INFO o.a.j.JMeter: PWD       =/home/alumnos/e359327/P2
2019-04-04 21:37:48,262 INFO o.a.j.JMeter: IP: 10.10.64.96 Name: 2-12-64-96 FullName: 2-12-64-96
2019-04-04 21:37:48,376 INFO o.a.j.g.a.LookAndFeelCommand: Installing Darcula LAF
2019-04-04 21:37:48,398 INFO o.a.j.g.a.LookAndFeelCommand: Using look and feel: com.bulenkov.darcula.DarculaLaf [Darcula]
2019-04-04 21:37:48,399 INFO o.a.j.JMeter: Setting LAF to: com.bulenkov.darcula.DarculaLaf
2019-04-04 21:37:48,459 INFO o.a.j.JMeter: Loaded icon properties from org/apache/jmeter/images/icon.properties
2019-04-04 21:37:48,843 INFO o.a.j.e.u.CompoundVariable: Note: Function class names must contain the string: '.functions.'
2019-04-04 21:37:48,843 INFO o.a.j.e.u.CompoundVariable: Note: Function class names must not contain the string: '.gui.'
2019-04-04 21:37:49,919 INFO o.a.j.p.h.s.HTTPSamplerBase: Parser for text/html is org.apache.jmeter.protocol.http.parser.LagartoBasedHtmlParser
2019-04-04 21:37:49,920 INFO o.a.j.p.h.s.HTTPSamplerBase: Parser for application/xhtml+xml is org.apache.jmeter.protocol.http.parser.LagartoBasedHtmlParser
2019-04-04 21:37:49,920 INFO o.a.j.p.h.s.HTTPSamplerBase: Parser for application/xml is org.apache.jmeter.protocol.http.parser.LagartoBasedHtmlParser
2019-04-04 21:37:49,920 INFO o.a.j.p.h.s.HTTPSamplerBase: Parser for text/xml is org.apache.jmeter.protocol.http.parser.LagartoBasedHtmlParser
2019-04-04 21:37:49,920 INFO o.a.j.p.h.s.HTTPSamplerBase: Parser for text/vnd.wap.wml is org.apache.jmeter.protocol.http.parser.RegexpHTMLParser
2019-04-04 21:37:49,920 INFO o.a.j.p.h.s.HTTPSamplerBase: Parser for text/css is org.apache.jmeter.protocol.http.parser.CssParser
2019-04-04 21:37:50,145 INFO o.a.j.e.KeyToolUtils: keytool found at 'keytool'
2019-04-04 21:37:50,145 INFO o.a.j.p.h.p.ProxyControl: HTTP(S) Test Script Recorder SSL Proxy will use keys that support embedded 3rd party resources in file /home/alumnos/e359327/apache-jmeter-5.1/bin/proxyserver.jks
2019-04-04 21:37:50,220 INFO o.a.j.s.FileServer: Default base='/home/alumnos/e359327/P2'
2019-04-04 21:37:50,422 INFO o.a.j.s.SampleResult: Note: Sample TimeStamps are START times
2019-04-04 21:37:50,422 INFO o.a.j.s.SampleResult: sampleresult.default.encoding is set to ISO-8859-1
2019-04-04 21:37:50,422 INFO o.a.j.s.SampleResult: sampleresult.useNanoTime=true
2019-04-04 21:37:50,423 INFO o.a.j.s.SampleResult: sampleresult.nanoThreadSleep=5000
2019-04-04 21:37:57,169 INFO o.a.j.g.a.Load: Loading file: /home/alumnos/e359327/P2/P2.jmx
2019-04-04 21:37:57,169 INFO o.a.j.s.FileServer: Set new base='/home/alumnos/e359327/P2'
2019-04-04 21:37:57,246 INFO o.a.j.s.SaveService: Testplan (JMX) version: 2.2. Testlog (JTL) version: 2.2
2019-04-04 21:37:57,253 INFO o.a.j.s.SaveService: Using SaveService properties file encoding UTF-8
2019-04-04 21:37:57,254 INFO o.a.j.s.SaveService: Using SaveService properties version 5.0
2019-04-04 21:37:57,257 INFO o.a.j.s.SaveService: Loading file: /home/alumnos/e359327/P2/P2.jmx
2019-04-04 21:37:57,382 INFO o.a.j.s.FileServer: Set new base='/home/alumnos/e359327/P2'
2019-04-04 21:38:28,487 INFO o.a.j.e.StandardJMeterEngine: Running the test!
2019-04-04 21:38:28,488 INFO o.a.j.s.SampleEvent: List of sample_variables: []
2019-04-04 21:38:28,488 INFO o.a.j.s.SampleEvent: List of sample_variables: []
2019-04-04 21:38:28,492 INFO o.a.j.g.u.JMeterMenuBar: setRunning(true, *local*)
2019-04-04 21:38:28,497 INFO o.a.j.e.StandardJMeterEngine: Starting ThreadGroup: 1 : P1-base
2019-04-04 21:38:28,497 INFO o.a.j.e.StandardJMeterEngine: Starting 1 threads for group P1-base.
2019-04-04 21:38:28,497 INFO o.a.j.e.StandardJMeterEngine: Thread will continue on error
2019-04-04 21:38:28,498 INFO o.a.j.t.ThreadGroup: Starting thread group... number=1 threads=1 ramp-up=5 perThread=5000.0 delayedStart=false
2019-04-04 21:38:28,521 INFO o.a.j.t.ThreadGroup: Started thread group number 1
2019-04-04 21:38:28,526 INFO o.a.j.e.StandardJMeterEngine: Waiting for thread group: P1-base to finish before starting next group
2019-04-04 21:38:28,532 INFO o.a.j.t.JMeterThread: Thread started: P1-base 1-1
2019-04-04 21:38:28,535 INFO o.a.j.s.FileServer: Stored: /home/alumnos/e359327/P2/datagen/listado.csv
2019-04-04 21:38:28,567 INFO o.a.j.p.h.s.HTTPJavaImpl: Maximum connection retries = 0
2019-04-04 21:38:32,590 INFO o.a.j.t.JMeterThread: Thread is done: P1-base 1-1
2019-04-04 21:38:32,590 INFO o.a.j.t.JMeterThread: Thread finished: P1-base 1-1
2019-04-04 21:38:32,590 INFO o.a.j.e.StandardJMeterEngine: Starting ThreadGroup: 2 : P1-ws-cliente
2019-04-04 21:38:32,590 INFO o.a.j.e.StandardJMeterEngine: Starting 1 threads for group P1-ws-cliente.
2019-04-04 21:38:32,590 INFO o.a.j.e.StandardJMeterEngine: Thread will continue on error
2019-04-04 21:38:32,591 INFO o.a.j.t.ThreadGroup: Starting thread group... number=2 threads=1 ramp-up=5 perThread=5000.0 delayedStart=false
2019-04-04 21:38:32,591 INFO o.a.j.t.ThreadGroup: Started thread group number 2
2019-04-04 21:38:32,591 INFO o.a.j.e.StandardJMeterEngine: Waiting for thread group: P1-ws-cliente to finish before starting next group
2019-04-04 21:38:32,591 INFO o.a.j.t.JMeterThread: Thread started: P1-ws-cliente 2-1
2019-04-04 21:38:35,576 INFO o.a.j.g.a.Start: Stopping test
2019-04-04 21:38:35,581 INFO o.a.j.t.JMeterThread: Stopping: P1-ws-cliente 2-1
2019-04-04 21:38:35,581 WARN o.a.j.t.JMeterThread: Interrupting: P1-ws-cliente 2-1 sampler: P1-ws
2019-04-04 21:38:35,604 ERROR o.a.j.p.h.s.HTTPJavaImpl: readResponse: java.net.SocketException: Socket closed
2019-04-04 21:38:35,604 ERROR o.a.j.p.h.s.HTTPJavaImpl: Cause: java.net.SocketException: Socket closed
2019-04-04 21:38:35,605 INFO o.a.j.t.JMeterThread: Thread finished: P1-ws-cliente 2-1
2019-04-04 21:38:35,605 INFO o.a.j.e.StandardJMeterEngine: Test stopped - no more thread groups will be started
2019-04-04 21:38:35,605 INFO o.a.j.e.StandardJMeterEngine: Notifying test listeners of end of test
2019-04-04 21:38:35,605 INFO o.a.j.s.FileServer: Close: /home/alumnos/e359327/P2/datagen/listado.csv
2019-04-04 21:38:35,606 INFO o.a.j.g.u.JMeterMenuBar: setRunning(false, *local*)
2019-04-04 21:38:57,484 INFO o.a.j.u.JMeterUtils: Setting Locale to en
2019-04-04 21:38:57,530 WARN o.a.j.g.t.JMeterTreeNode: getIcon(): Can't obtain GUI class from class org.apache.jmeter.config.CSVDataSet
2019-04-04 21:38:59,612 INFO o.a.j.e.StandardJMeterEngine: Running the test!
2019-04-04 21:38:59,613 INFO o.a.j.s.SampleEvent: List of sample_variables: []
2019-04-04 21:38:59,614 INFO o.a.j.g.u.JMeterMenuBar: setRunning(true, *local*)
2019-04-04 21:38:59,623 INFO o.a.j.e.StandardJMeterEngine: Starting ThreadGroup: 1 : P1-base
2019-04-04 21:38:59,639 INFO o.a.j.e.StandardJMeterEngine: Starting 1 threads for group P1-base.
2019-04-04 21:38:59,639 INFO o.a.j.e.StandardJMeterEngine: Thread will continue on error
2019-04-04 21:38:59,640 INFO o.a.j.t.ThreadGroup: Starting thread group... number=1 threads=1 ramp-up=5 perThread=5000.0 delayedStart=false
2019-04-04 21:38:59,641 INFO o.a.j.t.ThreadGroup: Started thread group number 1
2019-04-04 21:38:59,641 INFO o.a.j.e.StandardJMeterEngine: Waiting for thread group: P1-base to finish before starting next group
2019-04-04 21:38:59,642 INFO o.a.j.t.JMeterThread: Thread started: P1-base 1-1
2019-04-04 21:38:59,642 INFO o.a.j.s.FileServer: Stored: /home/alumnos/e359327/P2/datagen/listado.csv
2019-04-04 21:39:02,729 INFO o.a.j.t.JMeterThread: Thread is done: P1-base 1-1
2019-04-04 21:39:02,729 INFO o.a.j.t.JMeterThread: Thread finished: P1-base 1-1
2019-04-04 21:39:02,730 INFO o.a.j.e.StandardJMeterEngine: Starting ThreadGroup: 2 : P1-ws-cliente
2019-04-04 21:39:02,730 INFO o.a.j.e.StandardJMeterEngine: Starting 1 threads for group P1-ws-cliente.
2019-04-04 21:39:02,730 INFO o.a.j.e.StandardJMeterEngine: Thread will continue on error
2019-04-04 21:39:02,730 INFO o.a.j.t.ThreadGroup: Starting thread group... number=2 threads=1 ramp-up=5 perThread=5000.0 delayedStart=false
2019-04-04 21:39:02,730 INFO o.a.j.t.ThreadGroup: Started thread group number 2
2019-04-04 21:39:02,730 INFO o.a.j.e.StandardJMeterEngine: Waiting for thread group: P1-ws-cliente to finish before starting next group
2019-04-04 21:39:02,730 INFO o.a.j.t.JMeterThread: Thread started: P1-ws-cliente 2-1
2019-04-04 21:39:34,997 INFO o.a.j.t.JMeterThread: Thread is done: P1-ws-cliente 2-1
2019-04-04 21:39:34,997 INFO o.a.j.t.JMeterThread: Thread finished: P1-ws-cliente 2-1
2019-04-04 21:39:34,997 INFO o.a.j.e.StandardJMeterEngine: Starting ThreadGroup: 3 : P1-ejb-cliente-remoto
2019-04-04 21:39:34,997 INFO o.a.j.e.StandardJMeterEngine: Starting 1 threads for group P1-ejb-cliente-remoto.
2019-04-04 21:39:34,997 INFO o.a.j.e.StandardJMeterEngine: Thread will continue on error
2019-04-04 21:39:34,997 INFO o.a.j.t.ThreadGroup: Starting thread group... number=3 threads=1 ramp-up=5 perThread=5000.0 delayedStart=false
2019-04-04 21:39:34,998 INFO o.a.j.t.ThreadGroup: Started thread group number 3
2019-04-04 21:39:34,998 INFO o.a.j.e.StandardJMeterEngine: All thread groups have been started
2019-04-04 21:39:34,998 INFO o.a.j.t.JMeterThread: Thread started: P1-ejb-cliente-remoto 3-1
2019-04-04 21:39:39,309 INFO o.a.j.t.JMeterThread: Thread is done: P1-ejb-cliente-remoto 3-1
2019-04-04 21:39:39,309 INFO o.a.j.t.JMeterThread: Thread finished: P1-ejb-cliente-remoto 3-1
2019-04-04 21:39:39,309 INFO o.a.j.e.StandardJMeterEngine: Notifying test listeners of end of test
2019-04-04 21:39:39,309 INFO o.a.j.s.FileServer: Close: /home/alumnos/e359327/P2/datagen/listado.csv
2019-04-04 21:39:39,310 INFO o.a.j.g.u.JMeterMenuBar: setRunning(false, *local*)
